# JRE version: Java(TM) SE Runtime Environment (8.0_241-b07) (build 1.8.0_241-b07)
# Java VM: Java HotSpot(TM) 64-Bit Server VM (25.241-b07 mixed mode linux-amd64 compressed oops)
Heap:
 PSYoungGen      total 360448K, used 87908K [0x00000000d8000000, 0x0000000100000000, 0x0000000100000000)
  eden space 238592K, 0% used [0x00000000d8000000,0x00000000d8000000,0x00000000e6900000)
  from space 121856K, 72% used [0x00000000f8900000,0x00000000fded93e0,0x0000000100000000)
  to   space 208384K, 0% used [0x00000000e6900000,0x00000000e6900000,0x00000000f3480000)
 ParOldGen       total 556032K, used 555604K [0x0000000088000000, 0x00000000a9f00000, 0x00000000d8000000)
  object space 556032K, 99% used [0x0000000088000000,0x00000000a9e95318,0x00000000a9f00000)
 Metaspace       used 90323K, capacity 93072K, committed 94000K, reserved 1132544K
  class space    used 9085K, capacity 9716K, committed 10032K, reserved 1048576K
GC Heap History (10 events):
Event: 504.051 GC heap after
Heap after GC invocations=236 (full 14):
 PSYoungGen      total 557568K, used 23784K [0x00000000d8000000, 0x00000000fdc80000, 0x0000000100000000)
  eden space 506368K, 0% used [0x00000000d8000000,0x00000000d8000000,0x00000000f6e80000)
  from space 51200K, 46% used [0x00000000faa80000,0x00000000fc1ba100,0x00000000fdc80000)
  to   space 56320K, 0% used [0x00000000f6e80000,0x00000000f6e80000,0x00000000fa580000)
 ParOldGen       total 528896K, used 287144K [0x0000000088000000, 0x00000000a8480000, 0x00000000d8000000)
  object space 528896K, 54% used [0x0000000088000000,0x000000009986a230,0x00000000a8480000)
 Metaspace       used 88407K, capacity 91116K, committed 93488K, reserved 1132544K
  class space    used 8779K, capacity 9431K, committed 10032K, reserved 1048576K
}
Event: 510.548 GC heap before
{Heap before GC invocations=237 (full 14):
 PSYoungGen      total 557568K, used 530152K [0x00000000d8000000, 0x00000000fdc80000, 0x0000000100000000)
  eden space 506368K, 100% used [0x00000000d8000000,0x00000000f6e80000,0x00000000f6e80000)
  from space 51200K, 46% used [0x00000000faa80000,0x00000000fc1ba100,0x00000000fdc80000)
  to   space 56320K, 0% used [0x00000000f6e80000,0x00000000f6e80000,0x00000000fa580000)
 ParOldGen       total 528896K, used 287144K [0x0000000088000000, 0x00000000a8480000, 0x00000000d8000000)
  object space 528896K, 54% used [0x0000000088000000,0x000000009986a230,0x00000000a8480000)
 Metaspace       used 90480K, capacity 93282K, committed 94000K, reserved 1132544K
  class space    used 9104K, capacity 9770K, committed 10032K, reserved 1048576K
Event: 510.621 GC heap after
Heap after GC invocations=237 (full 14):
 PSYoungGen      total 562688K, used 56309K [0x00000000d8000000, 0x0000000100000000, 0x0000000100000000)
  eden space 506368K, 0% used [0x00000000d8000000,0x00000000d8000000,0x00000000f6e80000)
  from space 56320K, 99% used [0x00000000f6e80000,0x00000000fa57d408,0x00000000fa580000)
  to   space 72192K, 0% used [0x00000000fb980000,0x00000000fb980000,0x0000000100000000)
 ParOldGen       total 528896K, used 308813K [0x0000000088000000, 0x00000000a8480000, 0x00000000d8000000)
  object space 528896K, 58% used [0x0000000088000000,0x000000009ad93400,0x00000000a8480000)
 Metaspace       used 90480K, capacity 93282K, committed 94000K, reserved 1132544K
  class space    used 9104K, capacity 9770K, committed 10032K, reserved 1048576K
}
Event: 512.955 GC heap before
{Heap before GC invocations=238 (full 14):
 PSYoungGen      total 562688K, used 562677K [0x00000000d8000000, 0x0000000100000000, 0x0000000100000000)
  eden space 506368K, 100% used [0x00000000d8000000,0x00000000f6e80000,0x00000000f6e80000)
  from space 56320K, 99% used [0x00000000f6e80000,0x00000000fa57d408,0x00000000fa580000)
  to   space 72192K, 0% used [0x00000000fb980000,0x00000000fb980000,0x0000000100000000)
 ParOldGen       total 528896K, used 308813K [0x0000000088000000, 0x00000000a8480000, 0x00000000d8000000)
  object space 528896K, 58% used [0x0000000088000000,0x000000009ad93400,0x00000000a8480000)
 Metaspace       used 90480K, capacity 93282K, committed 94000K, reserved 1132544K
  class space    used 9104K, capacity 9770K, committed 10032K, reserved 1048576K
Event: 513.085 GC heap after
Heap after GC invocations=238 (full 14):
 PSYoungGen      total 483840K, used 72174K [0x00000000d8000000, 0x0000000100000000, 0x0000000100000000)
  eden space 411648K, 0% used [0x00000000d8000000,0x00000000d8000000,0x00000000f1200000)
  from space 72192K, 99% used [0x00000000fb980000,0x00000000ffffb878,0x0000000100000000)
  to   space 121856K, 0% used [0x00000000f1200000,0x00000000f1200000,0x00000000f8900000)
 ParOldGen       total 528896K, used 412716K [0x0000000088000000, 0x00000000a8480000, 0x00000000d8000000)
  object space 528896K, 78% used [0x0000000088000000,0x00000000a130b3e8,0x00000000a8480000)
 Metaspace       used 90480K, capacity 93282K, committed 94000K, reserved 1132544K
  class space    used 9104K, capacity 9770K, committed 10032K, reserved 1048576K
}
Event: 514.711 GC heap before
{Heap before GC invocations=239 (full 14):
 PSYoungGen      total 483840K, used 483822K [0x00000000d8000000, 0x0000000100000000, 0x0000000100000000)
  eden space 411648K, 100% used [0x00000000d8000000,0x00000000f1200000,0x00000000f1200000)
  from space 72192K, 99% used [0x00000000fb980000,0x00000000ffffb878,0x0000000100000000)
  to   space 121856K, 0% used [0x00000000f1200000,0x00000000f1200000,0x00000000f8900000)
 ParOldGen       total 528896K, used 412716K [0x0000000088000000, 0x00000000a8480000, 0x00000000d8000000)
  object space 528896K, 78% used [0x0000000088000000,0x00000000a130b3e8,0x00000000a8480000)
 Metaspace       used 90480K, capacity 93282K, committed 94000K, reserved 1132544K
  class space    used 9104K, capacity 9770K, committed 10032K, reserved 1048576K
Event: 514.829 GC heap after
Heap after GC invocations=239 (full 14):
 PSYoungGen      total 533504K, used 121854K [0x00000000d8000000, 0x0000000100000000, 0x0000000100000000)
  eden space 411648K, 0% used [0x00000000d8000000,0x00000000d8000000,0x00000000f1200000)
  from space 121856K, 99% used [0x00000000f1200000,0x00000000f88ff868,0x00000000f8900000)
  to   space 121856K, 0% used [0x00000000f8900000,0x00000000f8900000,0x0000000100000000)
 ParOldGen       total 528896K, used 459300K [0x0000000088000000, 0x00000000a8480000, 0x00000000d8000000)
  object space 528896K, 86% used [0x0000000088000000,0x00000000a4089038,0x00000000a8480000)
 Metaspace       used 90480K, capacity 93282K, committed 94000K, reserved 1132544K
  class space    used 9104K, capacity 9770K, committed 10032K, reserved 1048576K
}
Event: 516.764 GC heap before
{Heap before GC invocations=240 (full 14):
 PSYoungGen      total 533504K, used 533502K [0x00000000d8000000, 0x0000000100000000, 0x0000000100000000)
  eden space 411648K, 100% used [0x00000000d8000000,0x00000000f1200000,0x00000000f1200000)
  from space 121856K, 99% used [0x00000000f1200000,0x00000000f88ff868,0x00000000f8900000)
  to   space 121856K, 0% used [0x00000000f8900000,0x00000000f8900000,0x0000000100000000)
 ParOldGen       total 528896K, used 459300K [0x0000000088000000, 0x00000000a8480000, 0x00000000d8000000)
  object space 528896K, 86% used [0x0000000088000000,0x00000000a4089038,0x00000000a8480000)
 Metaspace       used 90480K, capacity 93282K, committed 94000K, reserved 1132544K
  class space    used 9104K, capacity 9770K, committed 10032K, reserved 1048576K
Event: 516.911 GC heap after
Heap after GC invocations=240 (full 14):
 PSYoungGen      total 360448K, used 121836K [0x00000000d8000000, 0x0000000100000000, 0x0000000100000000)
  eden space 238592K, 0% used [0x00000000d8000000,0x00000000d8000000,0x00000000e6900000)
  from space 121856K, 99% used [0x00000000f8900000,0x00000000ffffb0b0,0x0000000100000000)
  to   space 208384K, 0% used [0x00000000e6900000,0x00000000e6900000,0x00000000f3480000)
 ParOldGen       total 556032K, used 555547K [0x0000000088000000, 0x00000000a9f00000, 0x00000000d8000000)
  object space 556032K, 99% used [0x0000000088000000,0x00000000a9e86ec0,0x00000000a9f00000)
 Metaspace       used 90480K, capacity 93282K, committed 94000K, reserved 1132544K
  class space    used 9104K, capacity 9770K, committed 10032K, reserved 1048576K
}
Event: 516.911 GC heap before
{Heap before GC invocations=241 (full 15):
 PSYoungGen      total 360448K, used 121836K [0x00000000d8000000, 0x0000000100000000, 0x0000000100000000)
  eden space 238592K, 0% used [0x00000000d8000000,0x00000000d8000000,0x00000000e6900000)
  from space 121856K, 99% used [0x00000000f8900000,0x00000000ffffb0b0,0x0000000100000000)
  to   space 208384K, 0% used [0x00000000e6900000,0x00000000e6900000,0x00000000f3480000)
 ParOldGen       total 556032K, used 555547K [0x0000000088000000, 0x00000000a9f00000, 0x00000000d8000000)
  object space 556032K, 99% used [0x0000000088000000,0x00000000a9e86ec0,0x00000000a9f00000)
 Metaspace       used 90480K, capacity 93282K, committed 94000K, reserved 1132544K
  class space    used 9104K, capacity 9770K, committed 10032K, reserved 1048576K

