# JRE version: OpenJDK Runtime Environment (8.0_252-b09) (build 1.8.0_252-8u252-b09-1~18.04-b09)
# Java VM: OpenJDK 64-Bit Server VM (25.252-b09 mixed mode linux-amd64 compressed oops)
Heap:
 PSYoungGen      total 1177600K, used 1011712K [0x000000076e000000, 0x00000007c0000000, 0x00000007c0000000)
  eden space 1011712K, 100% used [0x000000076e000000,0x00000007abc00000,0x00000007abc00000)
  from space 165888K, 0% used [0x00000007abc00000,0x00000007abc00000,0x00000007b5e00000)
  to   space 165888K, 13% used [0x00000007b5e00000,0x00000007b7385948,0x00000007c0000000)
 ParOldGen       total 556544K, used 242064K [0x00000006ca000000, 0x00000006ebf80000, 0x000000076e000000)
  object space 556544K, 43% used [0x00000006ca000000,0x00000006d8c643b0,0x00000006ebf80000)
 Metaspace       used 47909K, capacity 49712K, committed 50816K, reserved 1095680K
  class space    used 4914K, capacity 5355K, committed 5504K, reserved 1048576K
GC Heap History (10 events):
Event: 99.325 GC heap after
Heap after GC invocations=27 (full 2):
 PSYoungGen      total 1017344K, used 68072K [0x000000076e000000, 0x00000007bfa80000, 0x00000007c0000000)
  eden space 949248K, 0% used [0x000000076e000000,0x000000076e000000,0x00000007a7f00000)
  from space 68096K, 99% used [0x00000007a7f00000,0x00000007ac17a150,0x00000007ac180000)
  to   space 115712K, 0% used [0x00000007b8980000,0x00000007b8980000,0x00000007bfa80000)
 ParOldGen       total 229888K, used 188828K [0x00000006ca000000, 0x00000006d8080000, 0x000000076e000000)
  object space 229888K, 82% used [0x00000006ca000000,0x00000006d58673a0,0x00000006d8080000)
 Metaspace       used 43768K, capacity 45420K, committed 45696K, reserved 1089536K
  class space    used 4570K, capacity 4956K, committed 4992K, reserved 1048576K
}
Event: 99.325 GC heap before
{Heap before GC invocations=28 (full 3):
 PSYoungGen      total 1017344K, used 68072K [0x000000076e000000, 0x00000007bfa80000, 0x00000007c0000000)
  eden space 949248K, 0% used [0x000000076e000000,0x000000076e000000,0x00000007a7f00000)
  from space 68096K, 99% used [0x00000007a7f00000,0x00000007ac17a150,0x00000007ac180000)
  to   space 115712K, 0% used [0x00000007b8980000,0x00000007b8980000,0x00000007bfa80000)
 ParOldGen       total 229888K, used 188828K [0x00000006ca000000, 0x00000006d8080000, 0x000000076e000000)
  object space 229888K, 82% used [0x00000006ca000000,0x00000006d58673a0,0x00000006d8080000)
 Metaspace       used 43768K, capacity 45420K, committed 45696K, reserved 1089536K
  class space    used 4570K, capacity 4956K, committed 4992K, reserved 1048576K
Event: 100.218 GC heap after
Heap after GC invocations=28 (full 3):
 PSYoungGen      total 1017344K, used 11223K [0x000000076e000000, 0x00000007bfa80000, 0x00000007c0000000)
  eden space 949248K, 0% used [0x000000076e000000,0x000000076e000000,0x00000007a7f00000)
  from space 68096K, 16% used [0x00000007a7f00000,0x00000007a89f5ed8,0x00000007ac180000)
  to   space 115712K, 0% used [0x00000007b8980000,0x00000007b8980000,0x00000007bfa80000)
 ParOldGen       total 457728K, used 229514K [0x00000006ca000000, 0x00000006e5f00000, 0x000000076e000000)
  object space 457728K, 50% used [0x00000006ca000000,0x00000006d80229c0,0x00000006e5f00000)
 Metaspace       used 42965K, capacity 44520K, committed 45696K, reserved 1089536K
  class space    used 4468K, capacity 4816K, committed 4992K, reserved 1048576K
}
Event: 105.788 GC heap before
{Heap before GC invocations=29 (full 3):
 PSYoungGen      total 1017344K, used 960471K [0x000000076e000000, 0x00000007bfa80000, 0x00000007c0000000)
  eden space 949248K, 100% used [0x000000076e000000,0x00000007a7f00000,0x00000007a7f00000)
  from space 68096K, 16% used [0x00000007a7f00000,0x00000007a89f5ed8,0x00000007ac180000)
  to   space 115712K, 0% used [0x00000007b8980000,0x00000007b8980000,0x00000007bfa80000)
 ParOldGen       total 457728K, used 229514K [0x00000006ca000000, 0x00000006e5f00000, 0x000000076e000000)
  object space 457728K, 50% used [0x00000006ca000000,0x00000006d80229c0,0x00000006e5f00000)
 Metaspace       used 42971K, capacity 44520K, committed 45696K, reserved 1089536K
  class space    used 4468K, capacity 4816K, committed 4992K, reserved 1048576K
Event: 106.098 GC heap after
Heap after GC invocations=29 (full 3):
 PSYoungGen      total 1127424K, used 115695K [0x000000076e000000, 0x00000007c0000000, 0x00000007c0000000)
  eden space 1011712K, 0% used [0x000000076e000000,0x000000076e000000,0x00000007abc00000)
  from space 115712K, 99% used [0x00000007b8980000,0x00000007bfa7bf50,0x00000007bfa80000)
  to   space 165888K, 0% used [0x00000007abc00000,0x00000007abc00000,0x00000007b5e00000)
 ParOldGen       total 457728K, used 312463K [0x00000006ca000000, 0x00000006e5f00000, 0x000000076e000000)
  object space 457728K, 68% used [0x00000006ca000000,0x00000006dd123d58,0x00000006e5f00000)
 Metaspace       used 42971K, capacity 44520K, committed 45696K, reserved 1089536K
  class space    used 4468K, capacity 4816K, committed 4992K, reserved 1048576K
}
Event: 118.969 GC heap before
{Heap before GC invocations=30 (full 3):
 PSYoungGen      total 1127424K, used 1127407K [0x000000076e000000, 0x00000007c0000000, 0x00000007c0000000)
  eden space 1011712K, 100% used [0x000000076e000000,0x00000007abc00000,0x00000007abc00000)
  from space 115712K, 99% used [0x00000007b8980000,0x00000007bfa7bf50,0x00000007bfa80000)
  to   space 165888K, 0% used [0x00000007abc00000,0x00000007abc00000,0x00000007b5e00000)
 ParOldGen       total 457728K, used 312463K [0x00000006ca000000, 0x00000006e5f00000, 0x000000076e000000)
  object space 457728K, 68% used [0x00000006ca000000,0x00000006dd123d58,0x00000006e5f00000)
 Metaspace       used 43437K, capacity 45140K, committed 46336K, reserved 1091584K
  class space    used 4509K, capacity 4920K, committed 5120K, reserved 1048576K
Event: 119.231 GC heap after
Heap after GC invocations=30 (full 3):
 PSYoungGen      total 1177600K, used 165860K [0x000000076e000000, 0x00000007c0000000, 0x00000007c0000000)
  eden space 1011712K, 0% used [0x000000076e000000,0x000000076e000000,0x00000007abc00000)
  from space 165888K, 99% used [0x00000007abc00000,0x00000007b5df9360,0x00000007b5e00000)
  to   space 165888K, 0% used [0x00000007b5e00000,0x00000007b5e00000,0x00000007c0000000)
 ParOldGen       total 457728K, used 392948K [0x00000006ca000000, 0x00000006e5f00000, 0x000000076e000000)
  object space 457728K, 85% used [0x00000006ca000000,0x00000006e1fbd320,0x00000006e5f00000)
 Metaspace       used 43437K, capacity 45140K, committed 46336K, reserved 1091584K
  class space    used 4509K, capacity 4920K, committed 5120K, reserved 1048576K
}
Event: 119.231 GC heap before
{Heap before GC invocations=31 (full 4):
 PSYoungGen      total 1177600K, used 165860K [0x000000076e000000, 0x00000007c0000000, 0x00000007c0000000)
  eden space 1011712K, 0% used [0x000000076e000000,0x000000076e000000,0x00000007abc00000)
  from space 165888K, 99% used [0x00000007abc00000,0x00000007b5df9360,0x00000007b5e00000)
  to   space 165888K, 0% used [0x00000007b5e00000,0x00000007b5e00000,0x00000007c0000000)
 ParOldGen       total 457728K, used 392948K [0x00000006ca000000, 0x00000006e5f00000, 0x000000076e000000)
  object space 457728K, 85% used [0x00000006ca000000,0x00000006e1fbd320,0x00000006e5f00000)
 Metaspace       used 43437K, capacity 45140K, committed 46336K, reserved 1091584K
  class space    used 4509K, capacity 4920K, committed 5120K, reserved 1048576K
Event: 119.883 GC heap after
Heap after GC invocations=31 (full 4):
 PSYoungGen      total 1177600K, used 0K [0x000000076e000000, 0x00000007c0000000, 0x00000007c0000000)
  eden space 1011712K, 0% used [0x000000076e000000,0x000000076e000000,0x00000007abc00000)
  from space 165888K, 0% used [0x00000007abc00000,0x00000007abc00000,0x00000007b5e00000)
  to   space 165888K, 0% used [0x00000007b5e00000,0x00000007b5e00000,0x00000007c0000000)
 ParOldGen       total 556544K, used 242064K [0x00000006ca000000, 0x00000006ebf80000, 0x000000076e000000)
  object space 556544K, 43% used [0x00000006ca000000,0x00000006d8c643b0,0x00000006ebf80000)
 Metaspace       used 43437K, capacity 45140K, committed 46336K, reserved 1091584K
  class space    used 4509K, capacity 4920K, committed 5120K, reserved 1048576K
}
Event: 130.333 GC heap before
{Heap before GC invocations=32 (full 4):
 PSYoungGen      total 1177600K, used 1011712K [0x000000076e000000, 0x00000007c0000000, 0x00000007c0000000)
  eden space 1011712K, 100% used [0x000000076e000000,0x00000007abc00000,0x00000007abc00000)
  from space 165888K, 0% used [0x00000007abc00000,0x00000007abc00000,0x00000007b5e00000)
  to   space 165888K, 0% used [0x00000007b5e00000,0x00000007b5e00000,0x00000007c0000000)
 ParOldGen       total 556544K, used 242064K [0x00000006ca000000, 0x00000006ebf80000, 0x000000076e000000)
  object space 556544K, 43% used [0x00000006ca000000,0x00000006d8c643b0,0x00000006ebf80000)
 Metaspace       used 47909K, capacity 49712K, committed 50816K, reserved 1095680K
  class space    used 4914K, capacity 5355K, committed 5504K, reserved 1048576K

