# JRE version: Java(TM) SE Runtime Environment (8.0_05-b13) (build 1.8.0_05-b13)
# Java VM: Java HotSpot(TM) 64-Bit Server VM (25.5-b02 mixed mode linux-amd64 compressed oops)
Heap:
 PSYoungGen      total 439296K, used 219124K [0x00000000d7d00000, 0x0000000100000000, 0x0000000100000000)
  eden space 220160K, 0% used [0x00000000d7d00000,0x00000000d7d00000,0x00000000e5400000)
  from space 219136K, 99% used [0x00000000e5400000,0x00000000f29fd150,0x00000000f2a00000)
  to   space 219136K, 0% used [0x00000000f2a00000,0x00000000f2a00000,0x0000000100000000)
 ParOldGen       total 634880K, used 603516K [0x0000000087600000, 0x00000000ae200000, 0x00000000d7d00000)
  object space 634880K, 95% used [0x0000000087600000,0x00000000ac35f080,0x00000000ae200000)
 Metaspace       used 93565K, capacity 97344K, committed 98816K, reserved 1136640K
  class space    used 10501K, capacity 11626K, committed 11776K, reserved 1048576K
GC Heap History (10 events):
Event: 450.288 GC heap after
Heap after GC invocations=231 (full 28):
 PSYoungGen      total 515072K, used 143332K [0x00000000d7d00000, 0x0000000100000000, 0x0000000100000000)
  eden space 371712K, 0% used [0x00000000d7d00000,0x00000000d7d00000,0x00000000ee800000)
  from space 143360K, 99% used [0x00000000ee800000,0x00000000f73f9160,0x00000000f7400000)
  to   space 143360K, 0% used [0x00000000f7400000,0x00000000f7400000,0x0000000100000000)
 ParOldGen       total 634880K, used 464929K [0x0000000087600000, 0x00000000ae200000, 0x00000000d7d00000)
  object space 634880K, 73% used [0x0000000087600000,0x00000000a3c08728,0x00000000ae200000)
 Metaspace       used 93562K, capacity 97344K, committed 98816K, reserved 1136640K
  class space    used 10501K, capacity 11626K, committed 11776K, reserved 1048576K
}
Event: 452.032 GC heap before
{Heap before GC invocations=232 (full 28):
 PSYoungGen      total 515072K, used 515044K [0x00000000d7d00000, 0x0000000100000000, 0x0000000100000000)
  eden space 371712K, 100% used [0x00000000d7d00000,0x00000000ee800000,0x00000000ee800000)
  from space 143360K, 99% used [0x00000000ee800000,0x00000000f73f9160,0x00000000f7400000)
  to   space 143360K, 0% used [0x00000000f7400000,0x00000000f7400000,0x0000000100000000)
 ParOldGen       total 634880K, used 464929K [0x0000000087600000, 0x00000000ae200000, 0x00000000d7d00000)
  object space 634880K, 73% used [0x0000000087600000,0x00000000a3c08728,0x00000000ae200000)
 Metaspace       used 93565K, capacity 97344K, committed 98816K, reserved 1136640K
  class space    used 10501K, capacity 11626K, committed 11776K, reserved 1048576K
Event: 452.496 GC heap after
Heap after GC invocations=232 (full 28):
 PSYoungGen      total 380928K, used 143354K [0x00000000d7d00000, 0x0000000100000000, 0x0000000100000000)
  eden space 237568K, 0% used [0x00000000d7d00000,0x00000000d7d00000,0x00000000e6500000)
  from space 143360K, 99% used [0x00000000f7400000,0x00000000ffffeac8,0x0000000100000000)
  to   space 210432K, 0% used [0x00000000e6500000,0x00000000e6500000,0x00000000f3280000)
 ParOldGen       total 634880K, used 529227K [0x0000000087600000, 0x00000000ae200000, 0x00000000d7d00000)
  object space 634880K, 83% used [0x0000000087600000,0x00000000a7ad2d58,0x00000000ae200000)
 Metaspace       used 93565K, capacity 97344K, committed 98816K, reserved 1136640K
  class space    used 10501K, capacity 11626K, committed 11776K, reserved 1048576K
}
Event: 453.277 GC heap before
{Heap before GC invocations=233 (full 28):
 PSYoungGen      total 380928K, used 380922K [0x00000000d7d00000, 0x0000000100000000, 0x0000000100000000)
  eden space 237568K, 100% used [0x00000000d7d00000,0x00000000e6500000,0x00000000e6500000)
  from space 143360K, 99% used [0x00000000f7400000,0x00000000ffffeac8,0x0000000100000000)
  to   space 210432K, 0% used [0x00000000e6500000,0x00000000e6500000,0x00000000f3280000)
 ParOldGen       total 634880K, used 529227K [0x0000000087600000, 0x00000000ae200000, 0x00000000d7d00000)
  object space 634880K, 83% used [0x0000000087600000,0x00000000a7ad2d58,0x00000000ae200000)
 Metaspace       used 93565K, capacity 97344K, committed 98816K, reserved 1136640K
  class space    used 10501K, capacity 11626K, committed 11776K, reserved 1048576K
Event: 453.618 GC heap after
Heap after GC invocations=233 (full 28):
 PSYoungGen      total 432128K, used 194442K [0x00000000d7d00000, 0x0000000100000000, 0x0000000100000000)
  eden space 237568K, 0% used [0x00000000d7d00000,0x00000000d7d00000,0x00000000e6500000)
  from space 194560K, 99% used [0x00000000e6500000,0x00000000f22e2ad8,0x00000000f2300000)
  to   space 219136K, 0% used [0x00000000f2a00000,0x00000000f2a00000,0x0000000100000000)
 ParOldGen       total 634880K, used 529227K [0x0000000087600000, 0x00000000ae200000, 0x00000000d7d00000)
  object space 634880K, 83% used [0x0000000087600000,0x00000000a7ad2d58,0x00000000ae200000)
 Metaspace       used 93565K, capacity 97344K, committed 98816K, reserved 1136640K
  class space    used 10501K, capacity 11626K, committed 11776K, reserved 1048576K
}
Event: 454.468 GC heap before
{Heap before GC invocations=234 (full 28):
 PSYoungGen      total 432128K, used 432010K [0x00000000d7d00000, 0x0000000100000000, 0x0000000100000000)
  eden space 237568K, 100% used [0x00000000d7d00000,0x00000000e6500000,0x00000000e6500000)
  from space 194560K, 99% used [0x00000000e6500000,0x00000000f22e2ad8,0x00000000f2300000)
  to   space 219136K, 0% used [0x00000000f2a00000,0x00000000f2a00000,0x0000000100000000)
 ParOldGen       total 634880K, used 529227K [0x0000000087600000, 0x00000000ae200000, 0x00000000d7d00000)
  object space 634880K, 83% used [0x0000000087600000,0x00000000a7ad2d58,0x00000000ae200000)
 Metaspace       used 93565K, capacity 97344K, committed 98816K, reserved 1136640K
  class space    used 10501K, capacity 11626K, committed 11776K, reserved 1048576K
Event: 454.842 GC heap after
Heap after GC invocations=234 (full 28):
 PSYoungGen      total 439296K, used 219114K [0x00000000d7d00000, 0x0000000100000000, 0x0000000100000000)
  eden space 220160K, 0% used [0x00000000d7d00000,0x00000000d7d00000,0x00000000e5400000)
  from space 219136K, 99% used [0x00000000f2a00000,0x00000000ffffaab8,0x0000000100000000)
  to   space 219136K, 0% used [0x00000000e5400000,0x00000000e5400000,0x00000000f2a00000)
 ParOldGen       total 634880K, used 555908K [0x0000000087600000, 0x00000000ae200000, 0x00000000d7d00000)
  object space 634880K, 87% used [0x0000000087600000,0x00000000a94e1198,0x00000000ae200000)
 Metaspace       used 93565K, capacity 97344K, committed 98816K, reserved 1136640K
  class space    used 10501K, capacity 11626K, committed 11776K, reserved 1048576K
}
Event: 455.765 GC heap before
{Heap before GC invocations=235 (full 28):
 PSYoungGen      total 439296K, used 439274K [0x00000000d7d00000, 0x0000000100000000, 0x0000000100000000)
  eden space 220160K, 100% used [0x00000000d7d00000,0x00000000e5400000,0x00000000e5400000)
  from space 219136K, 99% used [0x00000000f2a00000,0x00000000ffffaab8,0x0000000100000000)
  to   space 219136K, 0% used [0x00000000e5400000,0x00000000e5400000,0x00000000f2a00000)
 ParOldGen       total 634880K, used 555908K [0x0000000087600000, 0x00000000ae200000, 0x00000000d7d00000)
  object space 634880K, 87% used [0x0000000087600000,0x00000000a94e1198,0x00000000ae200000)
 Metaspace       used 93565K, capacity 97344K, committed 98816K, reserved 1136640K
  class space    used 10501K, capacity 11626K, committed 11776K, reserved 1048576K
Event: 456.117 GC heap after
Heap after GC invocations=235 (full 28):
 PSYoungGen      total 439296K, used 219124K [0x00000000d7d00000, 0x0000000100000000, 0x0000000100000000)
  eden space 220160K, 0% used [0x00000000d7d00000,0x00000000d7d00000,0x00000000e5400000)
  from space 219136K, 99% used [0x00000000e5400000,0x00000000f29fd150,0x00000000f2a00000)
  to   space 219136K, 0% used [0x00000000f2a00000,0x00000000f2a00000,0x0000000100000000)
 ParOldGen       total 634880K, used 603516K [0x0000000087600000, 0x00000000ae200000, 0x00000000d7d00000)
  object space 634880K, 95% used [0x0000000087600000,0x00000000ac35f080,0x00000000ae200000)
 Metaspace       used 93565K, capacity 97344K, committed 98816K, reserved 1136640K
  class space    used 10501K, capacity 11626K, committed 11776K, reserved 1048576K
}
Event: 456.117 GC heap before
{Heap before GC invocations=236 (full 29):
 PSYoungGen      total 439296K, used 219124K [0x00000000d7d00000, 0x0000000100000000, 0x0000000100000000)
  eden space 220160K, 0% used [0x00000000d7d00000,0x00000000d7d00000,0x00000000e5400000)
  from space 219136K, 99% used [0x00000000e5400000,0x00000000f29fd150,0x00000000f2a00000)
  to   space 219136K, 0% used [0x00000000f2a00000,0x00000000f2a00000,0x0000000100000000)
 ParOldGen       total 634880K, used 603516K [0x0000000087600000, 0x00000000ae200000, 0x00000000d7d00000)
  object space 634880K, 95% used [0x0000000087600000,0x00000000ac35f080,0x00000000ae200000)
 Metaspace       used 93565K, capacity 97344K, committed 98816K, reserved 1136640K
  class space    used 10501K, capacity 11626K, committed 11776K, reserved 1048576K

