# JRE version: Java(TM) SE Runtime Environment (8.0_131-b11) (build 1.8.0_131-b11)
# Java VM: Java HotSpot(TM) Server VM (25.131-b11 mixed mode linux-x86 )
Heap:
 PSYoungGen      total 19200K, used 8550K [0xd16c0000, 0xd3c40000, 0xe6c00000)
  eden space 16640K, 36% used [0xd16c0000,0xd1c9c010,0xd2700000)
  from space 2560K, 99% used [0xd2980000,0xd2bfd8f0,0xd2c00000)
  to   space 2560K, 0% used [0xd2700000,0xd2700000,0xd2980000)
 ParOldGen       total 43776K, used 1288K [0xa6c00000, 0xa96c0000, 0xd16c0000)
  object space 43776K, 2% used [0xa6c00000,0xa6d422c0,0xa96c0000)
 Metaspace       used 7162K, capacity 7186K, committed 7320K, reserved 7472K
GC Heap History (8 events):
Event: 9.804 GC heap before
{Heap before GC invocations=1 (full 0):
 PSYoungGen      total 19200K, used 16640K [0xd16c0000, 0xd2c00000, 0xe6c00000)
  eden space 16640K, 100% used [0xd16c0000,0xd2700000,0xd2700000)
  from space 2560K, 0% used [0xd2980000,0xd2980000,0xd2c00000)
  to   space 2560K, 0% used [0xd2700000,0xd2700000,0xd2980000)
 ParOldGen       total 43776K, used 0K [0xa6c00000, 0xa96c0000, 0xd16c0000)
  object space 43776K, 0% used [0xa6c00000,0xa6c00000,0xa96c0000)
 Metaspace       used 3235K, capacity 3272K, committed 3352K, reserved 4400K
Event: 9.807 GC heap after
Heap after GC invocations=1 (full 0):
 PSYoungGen      total 19200K, used 2269K [0xd16c0000, 0xd2c00000, 0xe6c00000)
  eden space 16640K, 0% used [0xd16c0000,0xd16c0000,0xd2700000)
  from space 2560K, 88% used [0xd2700000,0xd2937630,0xd2980000)
  to   space 2560K, 0% used [0xd2980000,0xd2980000,0xd2c00000)
 ParOldGen       total 43776K, used 4K [0xa6c00000, 0xa96c0000, 0xd16c0000)
  object space 43776K, 0% used [0xa6c00000,0xa6c01000,0xa96c0000)
 Metaspace       used 3235K, capacity 3272K, committed 3352K, reserved 4400K
}
Event: 10.007 GC heap before
{Heap before GC invocations=2 (full 0):
 PSYoungGen      total 19200K, used 18909K [0xd16c0000, 0xd2c00000, 0xe6c00000)
  eden space 16640K, 100% used [0xd16c0000,0xd2700000,0xd2700000)
  from space 2560K, 88% used [0xd2700000,0xd2937630,0xd2980000)
  to   space 2560K, 0% used [0xd2980000,0xd2980000,0xd2c00000)
 ParOldGen       total 43776K, used 4K [0xa6c00000, 0xa96c0000, 0xd16c0000)
  object space 43776K, 0% used [0xa6c00000,0xa6c01000,0xa96c0000)
 Metaspace       used 4361K, capacity 4392K, committed 4504K, reserved 5424K
Event: 10.009 GC heap after
Heap after GC invocations=2 (full 0):
 PSYoungGen      total 19200K, used 2288K [0xd16c0000, 0xd2c00000, 0xe6c00000)
  eden space 16640K, 0% used [0xd16c0000,0xd16c0000,0xd2700000)
  from space 2560K, 89% used [0xd2980000,0xd2bbc260,0xd2c00000)
  to   space 2560K, 0% used [0xd2700000,0xd2700000,0xd2980000)
 ParOldGen       total 43776K, used 8K [0xa6c00000, 0xa96c0000, 0xd16c0000)
  object space 43776K, 0% used [0xa6c00000,0xa6c02000,0xa96c0000)
 Metaspace       used 4361K, capacity 4392K, committed 4504K, reserved 5424K
}
Event: 10.230 GC heap before
{Heap before GC invocations=3 (full 0):
 PSYoungGen      total 19200K, used 18928K [0xd16c0000, 0xd2c00000, 0xe6c00000)
  eden space 16640K, 100% used [0xd16c0000,0xd2700000,0xd2700000)
  from space 2560K, 89% used [0xd2980000,0xd2bbc260,0xd2c00000)
  to   space 2560K, 0% used [0xd2700000,0xd2700000,0xd2980000)
 ParOldGen       total 43776K, used 8K [0xa6c00000, 0xa96c0000, 0xd16c0000)
  object space 43776K, 0% used [0xa6c00000,0xa6c02000,0xa96c0000)
 Metaspace       used 6072K, capacity 6090K, committed 6168K, reserved 6448K
Event: 10.234 GC heap after
Heap after GC invocations=3 (full 0):
 PSYoungGen      total 19200K, used 2554K [0xd16c0000, 0xd2c00000, 0xe6c00000)
  eden space 16640K, 0% used [0xd16c0000,0xd16c0000,0xd2700000)
  from space 2560K, 99% used [0xd2700000,0xd297eb28,0xd2980000)
  to   space 2560K, 0% used [0xd2980000,0xd2980000,0xd2c00000)
 ParOldGen       total 43776K, used 433K [0xa6c00000, 0xa96c0000, 0xd16c0000)
  object space 43776K, 0% used [0xa6c00000,0xa6c6c660,0xa96c0000)
 Metaspace       used 6072K, capacity 6090K, committed 6168K, reserved 6448K
}
Event: 10.358 GC heap before
{Heap before GC invocations=4 (full 0):
 PSYoungGen      total 19200K, used 19191K [0xd16c0000, 0xd2c00000, 0xe6c00000)
  eden space 16640K, 99% used [0xd16c0000,0xd26ff178,0xd2700000)
  from space 2560K, 99% used [0xd2700000,0xd297eb28,0xd2980000)
  to   space 2560K, 0% used [0xd2980000,0xd2980000,0xd2c00000)
 ParOldGen       total 43776K, used 433K [0xa6c00000, 0xa96c0000, 0xd16c0000)
  object space 43776K, 0% used [0xa6c00000,0xa6c6c660,0xa96c0000)
 Metaspace       used 6900K, capacity 6957K, committed 7064K, reserved 7472K
Event: 10.362 GC heap after
Heap after GC invocations=4 (full 0):
 PSYoungGen      total 19200K, used 2550K [0xd16c0000, 0xd3c40000, 0xe6c00000)
  eden space 16640K, 0% used [0xd16c0000,0xd16c0000,0xd2700000)
  from space 2560K, 99% used [0xd2980000,0xd2bfd8f0,0xd2c00000)
  to   space 2560K, 0% used [0xd2700000,0xd2700000,0xd2980000)
 ParOldGen       total 43776K, used 1288K [0xa6c00000, 0xa96c0000, 0xd16c0000)
  object space 43776K, 2% used [0xa6c00000,0xa6d422c0,0xa96c0000)
 Metaspace       used 6900K, capacity 6957K, committed 7064K, reserved 7472K
}

